::ffff:127.0.0.1 - - [10/Aug/2019:20:22:18 +0000] "GET / HTTP/1.1" 200 392
::ffff:127.0.0.1 - - [10/Aug/2019:20:22:19 +0000] "GET /bundle.js HTTP/1.1" 200 4143840
::ffff:127.0.0.1 - - [10/Aug/2019:20:22:19 +0000] "GET /favicon.ico HTTP/1.1" 404 150
::ffff:127.0.0.1 - - [10/Aug/2019:20:22:30 +0000] "GET / HTTP/1.1" 304 -
::ffff:127.0.0.1 - - [10/Aug/2019:20:22:30 +0000] "GET /bundle.js HTTP/1.1" 304 -
::ffff:127.0.0.1 - - [10/Aug/2019:20:22:32 +0000] "GET / HTTP/1.1" 304 -
::ffff:127.0.0.1 - - [10/Aug/2019:20:22:32 +0000] "GET /bundle.js HTTP/1.1" 304 -
::1 - - [10/Aug/2019:20:26:50 +0000] "GET /checkout HTTP/1.1" 200 2
::1 - - [10/Aug/2019:20:26:50 +0000] "GET /checkout HTTP/1.1" 304 -
::1 - - [10/Aug/2019:20:28:04 +0000] "GET /checkout HTTP/1.1" 304 -
::ffff:127.0.0.1 - - [10/Aug/2019:20:29:29 +0000] "GET / HTTP/1.1" 304 -
::ffff:127.0.0.1 - - [10/Aug/2019:20:29:29 +0000] "GET /bundle.js HTTP/1.1" 304 -
::ffff:127.0.0.1 - - [10/Aug/2019:20:29:31 +0000] "GET / HTTP/1.1" 304 -
::ffff:127.0.0.1 - - [10/Aug/2019:20:29:31 +0000] "GET /bundle.js HTTP/1.1" 304 -
::ffff:127.0.0.1 - - [10/Aug/2019:20:29:33 +0000] "GET /1 HTTP/1.1" 404 140
::ffff:127.0.0.1 - - [10/Aug/2019:20:29:35 +0000] "GET / HTTP/1.1" 304 -
::ffff:127.0.0.1 - - [10/Aug/2019:20:29:35 +0000] "GET /bundle.js HTTP/1.1" 304 -
::ffff:127.0.0.1 - - [10/Aug/2019:20:31:54 +0000] "GET /checkout HTTP/1.1" 200 10293
::ffff:127.0.0.1 - - [10/Aug/2019:20:38:56 +0000] "GET /checkout HTTP/1.1" 304 -
::ffff:127.0.0.1 - - [10/Aug/2019:21:03:46 +0000] "GET /checkout HTTP/1.1" 304 -
::ffff:127.0.0.1 - - [11/Aug/2019:04:21:13 +0000] "GET /checkout HTTP/1.1" 304 -
::1 - - [11/Aug/2019:05:20:27 +0000] "DELETE / HTTP/1.1" 500 2518
::1 - - [11/Aug/2019:05:21:42 +0000] "DELETE / HTTP/1.1" 500 2518
::1 - - [11/Aug/2019:05:22:14 +0000] "DELETE / HTTP/1.1" 500 2518
::1 - - [11/Aug/2019:05:22:49 +0000] "DELETE / HTTP/1.1" 500 2507
::1 - - [11/Aug/2019:05:23:11 +0000] "DELETE / HTTP/1.1" 200 28
::1 - - [11/Aug/2019:05:24:07 +0000] "DELETE / HTTP/1.1" 200 28
::1 - - [11/Aug/2019:05:24:37 +0000] "DELETE / HTTP/1.1" 200 28
::1 - - [11/Aug/2019:05:24:43 +0000] "DELETE / HTTP/1.1" 200 28
::ffff:127.0.0.1 - - [11/Aug/2019:05:29:13 +0000] "GET / HTTP/1.1" 304 -
::ffff:127.0.0.1 - - [11/Aug/2019:05:29:13 +0000] "GET /bundle.js HTTP/1.1" 304 -
::1 - - [12/Aug/2019:01:40:54 +0000] "PUT / HTTP/1.1" 200 -
::1 - - [12/Aug/2019:01:41:13 +0000] "PUT / HTTP/1.1" 200 -
::1 - - [12/Aug/2019:02:11:22 +0000] "PUT / HTTP/1.1" 500 2501
::1 - - [12/Aug/2019:02:13:16 +0000] "PUT / HTTP/1.1" 500 2501
::1 - - [12/Aug/2019:02:14:43 +0000] "PUT / HTTP/1.1" 500 2501
::1 - - [12/Aug/2019:02:15:36 +0000] "PUT / HTTP/1.1" 200 21
::1 - - [12/Aug/2019:02:16:26 +0000] "PUT / HTTP/1.1" 200 21
::1 - - [12/Aug/2019:02:50:52 +0000] "PUT / HTTP/1.1" 200 21
::1 - - [14/Aug/2019:10:35:56 +0000] "GET / HTTP/1.1" 200 392
::1 - - [14/Aug/2019:10:35:57 +0000] "GET /bundle.js HTTP/1.1" 200 4143840
::1 - - [14/Aug/2019:10:35:57 +0000] "GET /favicon.ico HTTP/1.1" 404 150
::1 - - [14/Aug/2019:10:36:15 +0000] "GET /checkout HTTP/1.1" 200 20801
::1 - - [14/Aug/2019:10:36:16 +0000] "GET /checkout HTTP/1.1" 304 -
::1 - - [14/Aug/2019:10:36:18 +0000] "GET /checkout HTTP/1.1" 304 -
::1 - - [14/Aug/2019:10:36:19 +0000] "GET /checkout HTTP/1.1" 304 -
::1 - - [14/Aug/2019:10:36:20 +0000] "GET /checkout HTTP/1.1" 304 -
::1 - - [14/Aug/2019:10:36:28 +0000] "GET /checkout HTTP/1.1" 304 -
::1 - - [14/Aug/2019:10:36:31 +0000] "GET /checkout HTTP/1.1" 304 -
::1 - - [14/Aug/2019:10:46:58 +0000] "GET /checkout HTTP/1.1" 304 -
::1 - - [14/Aug/2019:10:49:31 +0000] "GET /checkout HTTP/1.1" 304 -
::1 - - [14/Aug/2019:10:49:41 +0000] "GET / HTTP/1.1" 304 -
::1 - - [14/Aug/2019:10:49:41 +0000] "GET /bundle.js HTTP/1.1" 304 -
::1 - - [14/Aug/2019:10:49:56 +0000] "GET /checkout HTTP/1.1" 304 -
::1 - - [14/Aug/2019:10:50:00 +0000] "GET / HTTP/1.1" 304 -
::1 - - [14/Aug/2019:10:50:00 +0000] "GET /bundle.js HTTP/1.1" 304 -
::1 - - [21/Aug/2019:02:12:14 +0000] "GET / HTTP/1.1" 200 392
::1 - - [21/Aug/2019:02:12:15 +0000] "GET /bundle.js HTTP/1.1" 200 4143840
::1 - - [21/Aug/2019:02:12:15 +0000] "GET /favicon.ico HTTP/1.1" 404 150
::1 - - [25/Aug/2019:11:26:49 +0000] "GET / HTTP/1.1" 304 -
::1 - - [25/Aug/2019:11:26:49 +0000] "GET /bundle.js HTTP/1.1" 304 -
::1 - - [25/Aug/2019:11:26:49 +0000] "GET /favicon.ico HTTP/1.1" 404 150
::1 - - [25/Aug/2019:11:28:37 +0000] "GET / HTTP/1.1" 304 -
::1 - - [25/Aug/2019:11:28:37 +0000] "GET /bundle.js HTTP/1.1" 304 -
::1 - - [25/Aug/2019:11:31:42 +0000] "DELETE /?id=1 HTTP/1.1" 200 28
::1 - - [26/Aug/2019:01:11:37 +0000] "GET / HTTP/1.1" 304 -
::1 - - [26/Aug/2019:01:11:37 +0000] "GET /bundle.js HTTP/1.1" 304 -
::1 - - [26/Aug/2019:01:11:38 +0000] "GET /favicon.ico HTTP/1.1" 404 150
::1 - - [26/Aug/2019:01:30:26 +0000] "GET / HTTP/1.1" 304 -
::1 - - [26/Aug/2019:01:30:26 +0000] "GET /bundle.js HTTP/1.1" 304 -
::1 - - [26/Aug/2019:01:30:35 +0000] "GET / HTTP/1.1" 304 -
::1 - - [26/Aug/2019:01:30:35 +0000] "GET /bundle.js HTTP/1.1" 304 -
::1 - - [26/Aug/2019:01:41:31 +0000] "GET / HTTP/1.1" 304 -
::1 - - [26/Aug/2019:01:41:31 +0000] "GET /bundle.js HTTP/1.1" 304 -
::1 - - [26/Aug/2019:01:44:03 +0000] "GET /checkout HTTP/1.1" 304 -
::1 - - [26/Aug/2019:01:45:02 +0000] "GET /checkout HTTP/1.1" 304 -
::1 - - [26/Aug/2019:01:52:48 +0000] "GET /checkout HTTP/1.1" 304 -
::1 - - [26/Aug/2019:01:56:08 +0000] "GET /checkout HTTP/1.1" 304 -
::1 - - [26/Aug/2019:01:56:13 +0000] "GET /checkout HTTP/1.1" 304 -
::1 - - [26/Aug/2019:01:56:32 +0000] "GET / HTTP/1.1" 304 -
::1 - - [26/Aug/2019:01:56:32 +0000] "GET /bundle.js HTTP/1.1" 304 -
::1 - - [26/Aug/2019:01:56:40 +0000] "GET /checkout HTTP/1.1" 304 -
::1 - - [26/Aug/2019:01:56:45 +0000] "GET /checkout HTTP/1.1" 304 -
::1 - - [26/Aug/2019:01:56:58 +0000] "GET /checkout HTTP/1.1" 304 -
::1 - - [26/Aug/2019:01:57:01 +0000] "GET /checkout HTTP/1.1" 304 -
::1 - - [26/Aug/2019:01:59:33 +0000] "POST / HTTP/1.1" 200 -
::1 - - [26/Aug/2019:02:00:13 +0000] "GET /checkout HTTP/1.1" 304 -
::1 - - [26/Aug/2019:02:00:15 +0000] "GET /checkout HTTP/1.1" 304 -
::1 - - [26/Aug/2019:02:00:20 +0000] "POST / HTTP/1.1" 200 -
::1 - - [26/Aug/2019:02:00:28 +0000] "GET / HTTP/1.1" 200 392
::1 - - [26/Aug/2019:02:00:28 +0000] "GET /bundle.js HTTP/1.1" 304 -
::1 - - [26/Aug/2019:02:00:32 +0000] "GET /checkout HTTP/1.1" 304 -
::1 - - [26/Aug/2019:02:00:37 +0000] "POST / HTTP/1.1" 200 -
::1 - - [26/Aug/2019:02:04:58 +0000] "DELETE /?id=9000000 HTTP/1.1" 200 28
::1 - - [26/Aug/2019:02:05:19 +0000] "DELETE /?id=9000001 HTTP/1.1" 200 28
::1 - - [26/Aug/2019:02:05:33 +0000] "DELETE /?id=9000002 HTTP/1.1" 200 28
::1 - - [26/Aug/2019:02:05:38 +0000] "DELETE /?id=9000003 HTTP/1.1" 200 28
::1 - - [26/Aug/2019:02:07:44 +0000] "DELETE /?id=9000003 HTTP/1.1" 200 29
::1 - - [26/Aug/2019:02:08:18 +0000] "DELETE /?id=9000003 HTTP/1.1" 200 29
::1 - - [26/Aug/2019:02:08:39 +0000] "DELETE /?id=9000003 HTTP/1.1" 200 29
::1 - - [26/Aug/2019:02:09:03 +0000] "DELETE /?id=9000004 HTTP/1.1" 200 29
::1 - - [26/Aug/2019:02:10:21 +0000] "DELETE / HTTP/1.1" 200 36
::1 - - [26/Aug/2019:02:10:33 +0000] "DELETE / HTTP/1.1" 200 36
::1 - - [26/Aug/2019:02:10:48 +0000] "DELETE / HTTP/1.1" 200 36
::1 - - [26/Aug/2019:02:31:27 +0000] "PUT / HTTP/1.1" 200 21
::1 - - [26/Aug/2019:02:31:36 +0000] "PUT / HTTP/1.1" 200 21
::1 - - [26/Aug/2019:02:31:47 +0000] "PUT / HTTP/1.1" 200 21
::1 - - [31/Aug/2019:20:16:50 +0000] "GET / HTTP/1.1" 200 392
::1 - - [31/Aug/2019:20:16:50 +0000] "GET /bundle.js HTTP/1.1" 304 -
::1 - - [31/Aug/2019:20:16:51 +0000] "GET /favicon.ico HTTP/1.1" 404 150
::1 - - [31/Aug/2019:20:17:03 +0000] "GET /checkout HTTP/1.1" 200 11901
::1 - - [31/Aug/2019:20:17:46 +0000] "POST / HTTP/1.1" 200 -
::1 - - [31/Aug/2019:20:29:01 +0000] "GET / HTTP/1.1" 200 392
::1 - - [31/Aug/2019:20:29:01 +0000] "GET /bundle.js HTTP/1.1" 304 -
::1 - - [31/Aug/2019:20:33:29 +0000] "POST / HTTP/1.1" 200 -
::1 - - [01/Sep/2019:12:40:19 +0000] "GET / HTTP/1.1" 200 392
::1 - - [01/Sep/2019:12:40:20 +0000] "GET /bundle.js HTTP/1.1" 304 -
::1 - - [01/Sep/2019:12:40:40 +0000] "GET / HTTP/1.1" 304 -
::1 - - [01/Sep/2019:12:40:40 +0000] "GET /bundle.js HTTP/1.1" 304 -
::1 - - [01/Sep/2019:12:41:07 +0000] "GET /checkout HTTP/1.1" 200 -
::1 - - [01/Sep/2019:12:41:10 +0000] "POST / HTTP/1.1" 500 2300
::1 - - [01/Sep/2019:12:42:31 +0000] "GET /checkout HTTP/1.1" 200 -
::1 - - [01/Sep/2019:12:42:33 +0000] "POST / HTTP/1.1" 500 2298
::1 - - [01/Sep/2019:13:34:06 +0000] "GET /checkout HTTP/1.1" 200 -
::1 - - [01/Sep/2019:13:35:19 +0000] "GET /checkout HTTP/1.1" 200 -
::1 - - [01/Sep/2019:13:36:19 +0000] "GET /checkout HTTP/1.1" 200 -
::1 - - [01/Sep/2019:13:36:40 +0000] "GET /checkout HTTP/1.1" 200 -
::1 - - [01/Sep/2019:13:37:03 +0000] "GET /checkout HTTP/1.1" 200 -
::1 - - [01/Sep/2019:13:37:49 +0000] "GET /checkout HTTP/1.1" 200 -
::1 - - [01/Sep/2019:13:39:09 +0000] "GET /checkout HTTP/1.1" 200 -
::1 - - [01/Sep/2019:13:39:31 +0000] "GET /checkout HTTP/1.1" 200 -
::1 - - [01/Sep/2019:13:40:13 +0000] "GET /checkout HTTP/1.1" 200 -
::1 - - [01/Sep/2019:13:45:47 +0000] "GET /checkout HTTP/1.1" 200 -
::1 - - [01/Sep/2019:13:46:21 +0000] "GET /checkout HTTP/1.1" 200 -
::1 - - [01/Sep/2019:14:00:26 +0000] "GET /checkout HTTP/1.1" 200 -
::1 - - [01/Sep/2019:14:03:56 +0000] "GET /checkout HTTP/1.1" 200 2
::1 - - [01/Sep/2019:14:07:31 +0000] "GET /checkout HTTP/1.1" 200 -
::1 - - [01/Sep/2019:14:08:21 +0000] "GET /checkout HTTP/1.1" 200 -
::1 - - [01/Sep/2019:14:08:45 +0000] "GET /checkout HTTP/1.1" 200 -
::1 - - [01/Sep/2019:14:11:00 +0000] "GET /checkout HTTP/1.1" 200 -
::1 - - [01/Sep/2019:14:14:44 +0000] "GET /checkout HTTP/1.1" 200 -
::1 - - [01/Sep/2019:14:17:28 +0000] "GET /checkout HTTP/1.1" 200 2
::1 - - [01/Sep/2019:14:19:24 +0000] "GET /checkout HTTP/1.1" 200 -
::1 - - [01/Sep/2019:14:23:45 +0000] "GET /checkout HTTP/1.1" 200 -
::1 - - [01/Sep/2019:14:24:29 +0000] "GET /checkout HTTP/1.1" - -
::1 - - [01/Sep/2019:14:27:21 +0000] "GET /checkout HTTP/1.1" 200 -
::1 - - [01/Sep/2019:14:27:29 +0000] "GET /checkout HTTP/1.1" 200 -
::1 - - [01/Sep/2019:14:32:31 +0000] "GET /checkout HTTP/1.1" 200 -
::1 - - [01/Sep/2019:14:34:20 +0000] "GET /checkout HTTP/1.1" 200 76
::1 - - [03/Sep/2019:02:05:32 +0000] "GET /checkout HTTP/1.1" 200 84
::1 - - [03/Sep/2019:02:11:23 +0000] "GET /checkout HTTP/1.1" 200 97001
::1 - - [03/Sep/2019:02:38:34 +0000] "GET /checkout HTTP/1.1" 200 97001
::1 - - [03/Sep/2019:02:39:01 +0000] "GET /checkout HTTP/1.1" 200 9701
::1 - - [03/Sep/2019:03:29:48 +0000] "GET /checkout HTTP/1.1" 200 9701
::1 - - [03/Sep/2019:03:30:47 +0000] "GET /checkout HTTP/1.1" 200 9701
::1 - - [03/Sep/2019:03:36:58 +0000] "POST / HTTP/1.1" 200 -
::1 - - [03/Sep/2019:03:37:57 +0000] "POST / HTTP/1.1" 200 -
::1 - - [03/Sep/2019:03:38:18 +0000] "POST / HTTP/1.1" 200 -
::1 - - [03/Sep/2019:03:39:50 +0000] "POST / HTTP/1.1" 200 -
::1 - - [03/Sep/2019:03:41:13 +0000] "POST / HTTP/1.1" 200 -
::1 - - [03/Sep/2019:03:41:40 +0000] "POST / HTTP/1.1" 200 -
::1 - - [03/Sep/2019:03:41:47 +0000] "POST / HTTP/1.1" 200 -
::1 - - [03/Sep/2019:03:43:43 +0000] "POST / HTTP/1.1" 200 -
::1 - - [03/Sep/2019:03:46:01 +0000] "POST / HTTP/1.1" - -
::1 - - [03/Sep/2019:03:50:24 +0000] "POST / HTTP/1.1" 200 -
::1 - - [03/Sep/2019:03:51:01 +0000] "POST / HTTP/1.1" 200 -
::1 - - [03/Sep/2019:03:51:58 +0000] "POST / HTTP/1.1" 200 -
::1 - - [03/Sep/2019:03:52:23 +0000] "POST / HTTP/1.1" 200 -
